This file contains any messages produced by compilers while
running configure, to aid debugging if configure makes a mistake.

It was created by configure, which was
generated by GNU Autoconf 2.59.  Invocation command line was

  $ ./configure 

## --------- ##
## Platform. ##
## --------- ##

hostname = linux-sotq.site
uname -m = arm
uname -r = 2.6.34-12-default
uname -s = Linux
uname -v = #1 SMP 2010-06-29 02:39:08 +0200

/usr/bin/uname -p = unknown
/bin/uname -X     = unknown

/bin/arch              = arm
/usr/bin/arch -k       = arm
/usr/convex/getsysinfo = unknown
hostinfo               = unknown
/bin/machine           = unknown
/usr/bin/oslevel       = unknown
/bin/universe          = unknown

PATH: /host_usr/bin
PATH: /scratchbox/devkits/git/bin
PATH: /scratchbox/devkits/svn/bin
PATH: /scratchbox/devkits/doctools/bin
PATH: /scratchbox/devkits/qemu/bin
PATH: /scratchbox/devkits/debian-etch/bin
PATH: /scratchbox/devkits/perl/bin
PATH: /scratchbox/tools/bin
PATH: /targets/links/arch_tools/bin
PATH: /scratchbox/compilers/bin
PATH: /bin
PATH: /usr/bin
PATH: /usr/local/bin
PATH: /usr/X11R6/bin
PATH: /sbin
PATH: /usr/sbin


## ----------- ##
## Core tests. ##
## ----------- ##

configure:1366: checking for a BSD-compatible install
configure:1421: result: /scratchbox/tools/bin/install -c
configure:1432: checking whether build environment is sane
configure:1475: result: yes
configure:1532: checking for gawk
configure:1548: found /scratchbox/tools/bin/gawk
configure:1558: result: gawk
configure:1568: checking whether make sets $(MAKE)
configure:1588: result: yes
configure:1811: checking for g++
configure:1827: found /scratchbox/compilers/bin/g++
configure:1837: result: g++
configure:1853: checking for C++ compiler version
configure:1856: g++ --version </dev/null >&5
sbox-arm-none-linux-gnueabi-g++ (GCC) 4.2.1
Copyright (C) 2007 Free Software Foundation, Inc.
This is free software; see the source for copying conditions.  There is NO
warranty; not even for MERCHANTABILITY or FITNESS FOR A PARTICULAR PURPOSE.

configure:1859: $? = 0
configure:1861: g++ -v </dev/null >&5
Using built-in specs.
Reading specs from /scratchbox/compilers/cs2007q3-glibc2.5-arm7/gcc.specs
rename spec cpp to old_cpp
rename spec cc1 to old_cc1
rename spec link to old_link
rename spec mflib to old_mflib
Target: arm-none-linux-gnueabi
Configured with: /home/jhakala/cs2007q3-sb7/arm/src/gcc-4.2/configure --build=i686-pc-linux-gnu --host=i686-pc-linux-gnu --target=arm-none-linux-gnueabi --enable-threads --disable-libmudflap --disable-libssp --disable-libgomp --disable-libstdcxx-pch --with-gnu-as --with-gnu-ld --enable-languages=c,c++ --enable-shared --enable-symvers=gnu --enable-__cxa_atexit --disable-nls --prefix=/opt/maemo --with-sysroot=/opt/maemo/arm-none-linux-gnueabi/libc --with-build-sysroot=/home/jhakala/cs2007q3-sb7/arm/install/arm-none-linux-gnueabi/libc --with-build-time-tools=/home/jhakala/cs2007q3-sb7/arm/install/arm-none-linux-gnueabi/bin
Thread model: posix
gcc version 4.2.1
configure:1864: $? = 0
configure:1866: g++ -V </dev/null >&5
sbox-arm-none-linux-gnueabi-g++: argument to '-V' missing

configure:1869: $? = 1
configure:1892: checking for C++ compiler default output file name
configure:1895: g++    conftest.cc  >&5
configure:1898: $? = 0
configure:1944: result: a.out
configure:1949: checking whether the C++ compiler works
configure:1955: ./a.out
configure:1958: $? = 0
configure:1975: result: yes
configure:1982: checking whether we are cross compiling
configure:1984: result: no
configure:1987: checking for suffix of executables
configure:1989: g++ -o conftest    conftest.cc  >&5
configure:1992: $? = 0
configure:2017: result: 
configure:2023: checking for suffix of object files
configure:2044: g++ -c   conftest.cc >&5
configure:2047: $? = 0
configure:2069: result: o
configure:2073: checking whether we are using the GNU C++ compiler
configure:2097: g++ -c   conftest.cc >&5
configure:2103: $? = 0
configure:2107: test -z 
			 || test ! -s conftest.err
configure:2110: $? = 0
configure:2113: test -s conftest.o
configure:2116: $? = 0
configure:2129: result: yes
configure:2135: checking whether g++ accepts -g
configure:2156: g++ -c -g  conftest.cc >&5
configure:2162: $? = 0
configure:2166: test -z 
			 || test ! -s conftest.err
configure:2169: $? = 0
configure:2172: test -s conftest.o
configure:2175: $? = 0
configure:2186: result: yes
configure:2228: g++ -c -g -O2  conftest.cc >&5
configure:2234: $? = 0
configure:2238: test -z 
			 || test ! -s conftest.err
configure:2241: $? = 0
configure:2244: test -s conftest.o
configure:2247: $? = 0
configure:2273: g++ -c -g -O2  conftest.cc >&5
conftest.cc: In function 'int main()':
conftest.cc:15: error: 'exit' was not declared in this scope
configure:2279: $? = 1
configure: failed program was:
| /* confdefs.h.  */
| 
| #define PACKAGE_NAME ""
| #define PACKAGE_TARNAME ""
| #define PACKAGE_VERSION ""
| #define PACKAGE_STRING ""
| #define PACKAGE_BUGREPORT ""
| #define PACKAGE "3ddesktop"
| #define VERSION "0.2.9"
| /* end confdefs.h.  */
| 
| int
| main ()
| {
| exit (42);
|   ;
|   return 0;
| }
configure:2228: g++ -c -g -O2  conftest.cc >&5
conftest.cc:11: error: 'void std::exit(int)' should have been declared inside 'std'
configure:2234: $? = 1
configure: failed program was:
| /* confdefs.h.  */
| 
| #define PACKAGE_NAME ""
| #define PACKAGE_TARNAME ""
| #define PACKAGE_VERSION ""
| #define PACKAGE_STRING ""
| #define PACKAGE_BUGREPORT ""
| #define PACKAGE "3ddesktop"
| #define VERSION "0.2.9"
| /* end confdefs.h.  */
| extern "C" void std::exit (int) throw (); using std::exit;
| #include <stdlib.h>
| int
| main ()
| {
| exit (42);
|   ;
|   return 0;
| }
configure:2228: g++ -c -g -O2  conftest.cc >&5
conftest.cc:11: error: 'void std::exit(int)' should have been declared inside 'std'
In file included from conftest.cc:12:
/usr/include/stdlib.h:646: error: declaration of 'void std::exit(int) throw ()' throws different exceptions
conftest.cc:11: error: from previous declaration 'void std::exit(int)'
configure:2234: $? = 1
configure: failed program was:
| /* confdefs.h.  */
| 
| #define PACKAGE_NAME ""
| #define PACKAGE_TARNAME ""
| #define PACKAGE_VERSION ""
| #define PACKAGE_STRING ""
| #define PACKAGE_BUGREPORT ""
| #define PACKAGE "3ddesktop"
| #define VERSION "0.2.9"
| /* end confdefs.h.  */
| extern "C" void std::exit (int); using std::exit;
| #include <stdlib.h>
| int
| main ()
| {
| exit (42);
|   ;
|   return 0;
| }
configure:2228: g++ -c -g -O2  conftest.cc >&5
configure:2234: $? = 0
configure:2238: test -z 
			 || test ! -s conftest.err
configure:2241: $? = 0
configure:2244: test -s conftest.o
configure:2247: $? = 0
configure:2273: g++ -c -g -O2  conftest.cc >&5
configure:2279: $? = 0
configure:2283: test -z 
			 || test ! -s conftest.err
configure:2286: $? = 0
configure:2289: test -s conftest.o
configure:2292: $? = 0
configure:2326: checking for style of include used by make
configure:2354: result: GNU
configure:2382: checking dependency style of g++
configure:2467: result: gcc3
configure:2491: checking how to run the C++ preprocessor
configure:2522: g++ -E  conftest.cc
configure:2528: $? = 0
configure:2560: g++ -E  conftest.cc
conftest.cc:14:28: error: ac_nonexistent.h: No such file or directory
configure:2566: $? = 1
configure: failed program was:
| /* confdefs.h.  */
| 
| #define PACKAGE_NAME ""
| #define PACKAGE_TARNAME ""
| #define PACKAGE_VERSION ""
| #define PACKAGE_STRING ""
| #define PACKAGE_BUGREPORT ""
| #define PACKAGE "3ddesktop"
| #define VERSION "0.2.9"
| #ifdef __cplusplus
| extern "C" void exit (int) throw ();
| #endif
| /* end confdefs.h.  */
| #include <ac_nonexistent.h>
configure:2605: result: g++ -E
configure:2629: g++ -E  conftest.cc
configure:2635: $? = 0
configure:2667: g++ -E  conftest.cc
conftest.cc:14:28: error: ac_nonexistent.h: No such file or directory
configure:2673: $? = 1
configure: failed program was:
| /* confdefs.h.  */
| 
| #define PACKAGE_NAME ""
| #define PACKAGE_TARNAME ""
| #define PACKAGE_VERSION ""
| #define PACKAGE_STRING ""
| #define PACKAGE_BUGREPORT ""
| #define PACKAGE "3ddesktop"
| #define VERSION "0.2.9"
| #ifdef __cplusplus
| extern "C" void exit (int) throw ();
| #endif
| /* end confdefs.h.  */
| #include <ac_nonexistent.h>
configure:2717: checking for X
configure:2822: g++ -E  conftest.cc
configure:2828: $? = 0
configure:2878: g++ -o conftest -g -O2   conftest.cc -lXt  >&5
configure:2884: $? = 0
configure:2888: test -z 
			 || test ! -s conftest.err
configure:2891: $? = 0
configure:2894: test -s conftest
configure:2897: $? = 0
configure:2947: result: libraries , headers 
configure:3119: g++ -o conftest -g -O2   conftest.cc   -lX11 >&5
configure:3125: $? = 0
configure:3129: test -z 
			 || test ! -s conftest.err
configure:3132: $? = 0
configure:3135: test -s conftest
configure:3138: $? = 0
configure:3296: checking for gethostbyname
configure:3353: g++ -o conftest -g -O2   conftest.cc  >&5
configure:3359: $? = 0
configure:3363: test -z 
			 || test ! -s conftest.err
configure:3366: $? = 0
configure:3369: test -s conftest
configure:3372: $? = 0
configure:3384: result: yes
configure:3535: checking for connect
configure:3592: g++ -o conftest -g -O2   conftest.cc  >&5
configure:3598: $? = 0
configure:3602: test -z 
			 || test ! -s conftest.err
configure:3605: $? = 0
configure:3608: test -s conftest
configure:3611: $? = 0
configure:3623: result: yes
configure:3698: checking for remove
configure:3755: g++ -o conftest -g -O2   conftest.cc  >&5
configure:3761: $? = 0
configure:3765: test -z 
			 || test ! -s conftest.err
configure:3768: $? = 0
configure:3771: test -s conftest
configure:3774: $? = 0
configure:3786: result: yes
configure:3861: checking for shmat
configure:3918: g++ -o conftest -g -O2   conftest.cc  >&5
configure:3924: $? = 0
configure:3928: test -z 
			 || test ! -s conftest.err
configure:3931: $? = 0
configure:3934: test -s conftest
configure:3937: $? = 0
configure:3949: result: yes
configure:4033: checking for IceConnectionNumber in -lICE
configure:4063: g++ -o conftest -g -O2   conftest.cc -lICE   >&5
configure:4069: $? = 0
configure:4073: test -z 
			 || test ! -s conftest.err
configure:4076: $? = 0
configure:4079: test -s conftest
configure:4082: $? = 0
configure:4095: result: yes
configure:4114: checking for dirent.h that defines DIR
configure:4138: g++ -c -g -O2  conftest.cc >&5
configure:4144: $? = 0
configure:4148: test -z 
			 || test ! -s conftest.err
configure:4151: $? = 0
configure:4154: test -s conftest.o
configure:4157: $? = 0
configure:4168: result: yes
configure:4181: checking for library containing opendir
configure:4211: g++ -o conftest -g -O2   conftest.cc  >&5
configure:4217: $? = 0
configure:4221: test -z 
			 || test ! -s conftest.err
configure:4224: $? = 0
configure:4227: test -s conftest
configure:4230: $? = 0
configure:4300: result: none required
configure:4436: checking for egrep
configure:4446: result: grep -E
configure:4451: checking for ANSI C header files
configure:4476: g++ -c -g -O2  conftest.cc >&5
configure:4482: $? = 0
configure:4486: test -z 
			 || test ! -s conftest.err
configure:4489: $? = 0
configure:4492: test -s conftest.o
configure:4495: $? = 0
configure:4581: g++ -o conftest -g -O2   conftest.cc  >&5
configure:4584: $? = 0
configure:4586: ./conftest
configure:4589: $? = 0
configure:4604: result: yes
configure:4628: checking for sys/types.h
configure:4644: g++ -c -g -O2  conftest.cc >&5
configure:4650: $? = 0
configure:4654: test -z 
			 || test ! -s conftest.err
configure:4657: $? = 0
configure:4660: test -s conftest.o
configure:4663: $? = 0
configure:4674: result: yes
configure:4628: checking for sys/stat.h
configure:4644: g++ -c -g -O2  conftest.cc >&5
configure:4650: $? = 0
configure:4654: test -z 
			 || test ! -s conftest.err
configure:4657: $? = 0
configure:4660: test -s conftest.o
configure:4663: $? = 0
configure:4674: result: yes
configure:4628: checking for stdlib.h
configure:4644: g++ -c -g -O2  conftest.cc >&5
configure:4650: $? = 0
configure:4654: test -z 
			 || test ! -s conftest.err
configure:4657: $? = 0
configure:4660: test -s conftest.o
configure:4663: $? = 0
configure:4674: result: yes
configure:4628: checking for string.h
configure:4644: g++ -c -g -O2  conftest.cc >&5
configure:4650: $? = 0
configure:4654: test -z 
			 || test ! -s conftest.err
configure:4657: $? = 0
configure:4660: test -s conftest.o
configure:4663: $? = 0
configure:4674: result: yes
configure:4628: checking for memory.h
configure:4644: g++ -c -g -O2  conftest.cc >&5
configure:4650: $? = 0
configure:4654: test -z 
			 || test ! -s conftest.err
configure:4657: $? = 0
configure:4660: test -s conftest.o
configure:4663: $? = 0
configure:4674: result: yes
configure:4628: checking for strings.h
configure:4644: g++ -c -g -O2  conftest.cc >&5
configure:4650: $? = 0
configure:4654: test -z 
			 || test ! -s conftest.err
configure:4657: $? = 0
configure:4660: test -s conftest.o
configure:4663: $? = 0
configure:4674: result: yes
configure:4628: checking for inttypes.h
configure:4644: g++ -c -g -O2  conftest.cc >&5
configure:4650: $? = 0
configure:4654: test -z 
			 || test ! -s conftest.err
configure:4657: $? = 0
configure:4660: test -s conftest.o
configure:4663: $? = 0
configure:4674: result: yes
configure:4628: checking for stdint.h
configure:4644: g++ -c -g -O2  conftest.cc >&5
configure:4650: $? = 0
configure:4654: test -z 
			 || test ! -s conftest.err
configure:4657: $? = 0
configure:4660: test -s conftest.o
configure:4663: $? = 0
configure:4674: result: yes
configure:4628: checking for unistd.h
configure:4644: g++ -c -g -O2  conftest.cc >&5
configure:4650: $? = 0
configure:4654: test -z 
			 || test ! -s conftest.err
configure:4657: $? = 0
configure:4660: test -s conftest.o
configure:4663: $? = 0
configure:4674: result: yes
configure:4702: checking fcntl.h usability
configure:4714: g++ -c -g -O2  conftest.cc >&5
configure:4720: $? = 0
configure:4724: test -z 
			 || test ! -s conftest.err
configure:4727: $? = 0
configure:4730: test -s conftest.o
configure:4733: $? = 0
configure:4743: result: yes
configure:4747: checking fcntl.h presence
configure:4757: g++ -E  conftest.cc
configure:4763: $? = 0
configure:4783: result: yes
configure:4818: checking for fcntl.h
configure:4825: result: yes
configure:4702: checking sys/time.h usability
configure:4714: g++ -c -g -O2  conftest.cc >&5
configure:4720: $? = 0
configure:4724: test -z 
			 || test ! -s conftest.err
configure:4727: $? = 0
configure:4730: test -s conftest.o
configure:4733: $? = 0
configure:4743: result: yes
configure:4747: checking sys/time.h presence
configure:4757: g++ -E  conftest.cc
configure:4763: $? = 0
configure:4783: result: yes
configure:4818: checking for sys/time.h
configure:4825: result: yes
configure:4693: checking for unistd.h
configure:4698: result: yes
configure:5008: g++ -o conftest -g -O2   conftest.cc   -lX11 >&5
configure:5014: $? = 0
configure:5018: test -z 
			 || test ! -s conftest.err
configure:5021: $? = 0
configure:5024: test -s conftest
configure:5027: $? = 0
configure:5185: checking for gethostbyname
configure:5273: result: yes
configure:5424: checking for connect
configure:5512: result: yes
configure:5587: checking for remove
configure:5675: result: yes
configure:5750: checking for shmat
configure:5838: result: yes
configure:5922: checking for IceConnectionNumber in -lICE
configure:5984: result: yes
configure:6011: checking GL/gl.h usability
configure:6023: g++ -c -g -O2    conftest.cc >&5
configure:6029: $? = 0
configure:6033: test -z 
			 || test ! -s conftest.err
configure:6036: $? = 0
configure:6039: test -s conftest.o
configure:6042: $? = 0
configure:6052: result: yes
configure:6056: checking GL/gl.h presence
configure:6066: g++ -E   conftest.cc
configure:6072: $? = 0
configure:6092: result: yes
configure:6127: checking for GL/gl.h
configure:6134: result: yes
configure:6154: checking for XextCreateExtension in -lXext
configure:6184: g++ -o conftest -g -O2     conftest.cc -lXext    -lSM -lICE -lSM -lICE  >&5
configure:6190: $? = 0
configure:6194: test -z 
			 || test ! -s conftest.err
configure:6197: $? = 0
configure:6200: test -s conftest
configure:6203: $? = 0
configure:6216: result: yes
configure:6232: checking for XF86VidModeSetViewPort in -lXxf86vm
configure:6262: g++ -o conftest -g -O2     conftest.cc -lXxf86vm  -lXext   -lSM -lICE -lSM -lICE  >&5
configure:6268: $? = 0
configure:6272: test -z 
			 || test ! -s conftest.err
configure:6275: $? = 0
configure:6278: test -s conftest
configure:6281: $? = 0
configure:6294: result: yes
configure:6356: checking for gcc
configure:6372: found /scratchbox/compilers/bin/gcc
configure:6382: result: gcc
configure:6626: checking for C compiler version
configure:6629: gcc --version </dev/null >&5
sbox-arm-none-linux-gnueabi-gcc (GCC) 4.2.1
Copyright (C) 2007 Free Software Foundation, Inc.
This is free software; see the source for copying conditions.  There is NO
warranty; not even for MERCHANTABILITY or FITNESS FOR A PARTICULAR PURPOSE.

configure:6632: $? = 0
configure:6634: gcc -v </dev/null >&5
Using built-in specs.
Reading specs from /scratchbox/compilers/cs2007q3-glibc2.5-arm7/gcc.specs
rename spec cpp to old_cpp
rename spec cc1 to old_cc1
rename spec link to old_link
rename spec mflib to old_mflib
Target: arm-none-linux-gnueabi
Configured with: /home/jhakala/cs2007q3-sb7/arm/src/gcc-4.2/configure --build=i686-pc-linux-gnu --host=i686-pc-linux-gnu --target=arm-none-linux-gnueabi --enable-threads --disable-libmudflap --disable-libssp --disable-libgomp --disable-libstdcxx-pch --with-gnu-as --with-gnu-ld --enable-languages=c,c++ --enable-shared --enable-symvers=gnu --enable-__cxa_atexit --disable-nls --prefix=/opt/maemo --with-sysroot=/opt/maemo/arm-none-linux-gnueabi/libc --with-build-sysroot=/home/jhakala/cs2007q3-sb7/arm/install/arm-none-linux-gnueabi/libc --with-build-time-tools=/home/jhakala/cs2007q3-sb7/arm/install/arm-none-linux-gnueabi/bin
Thread model: posix
gcc version 4.2.1
configure:6637: $? = 0
configure:6639: gcc -V </dev/null >&5
sbox-arm-none-linux-gnueabi-gcc: '-V' must come at the start of the command line
configure:6642: $? = 1
configure:6645: checking whether we are using the GNU C compiler
configure:6669: gcc -c    conftest.c >&5
configure:6675: $? = 0
configure:6679: test -z 
			 || test ! -s conftest.err
configure:6682: $? = 0
configure:6685: test -s conftest.o
configure:6688: $? = 0
configure:6701: result: yes
configure:6707: checking whether gcc accepts -g
configure:6728: gcc -c -g   conftest.c >&5
configure:6734: $? = 0
configure:6738: test -z 
			 || test ! -s conftest.err
configure:6741: $? = 0
configure:6744: test -s conftest.o
configure:6747: $? = 0
configure:6758: result: yes
configure:6775: checking for gcc option to accept ANSI C
configure:6845: gcc  -c -g -O2   conftest.c >&5
configure:6851: $? = 0
configure:6855: test -z 
			 || test ! -s conftest.err
configure:6858: $? = 0
configure:6861: test -s conftest.o
configure:6864: $? = 0
configure:6882: result: none needed
configure:6900: gcc -c -g -O2   conftest.c >&5
conftest.c:2: error: expected '=', ',', ';', 'asm' or '__attribute__' before 'me'
configure:6906: $? = 1
configure: failed program was:
| #ifndef __cplusplus
|   choke me
| #endif
configure:7041: checking dependency style of gcc
configure:7126: result: gcc3
configure:7149: checking build system type
configure:7167: result: arm-unknown-linux-gnu
configure:7175: checking host system type
configure:7189: result: arm-unknown-linux-gnu
configure:7335: checking for main in -lm
configure:7359: g++ -o conftest -g -O2     conftest.cc -lm  -lXxf86vm -lXext   -lSM -lICE -lSM -lICE  >&5
configure:7365: $? = 0
configure:7369: test -z 
			 || test ! -s conftest.err
configure:7372: $? = 0
configure:7375: test -s conftest
configure:7378: $? = 0
configure:7391: result: yes
configure:7407: checking for OpenGL
configure:7457: checking for library containing glAccum
configure:7487: gcc -o conftest -g -O2   conftest.c  -lSM -lICE -lSM -lICE  -lX11 -lXext -lXmu -lXt -lXi  -lm >&5
/var/tmp/ccysotxK.o: In function `main':
/home/han/devel/kernel/3ddesktop/new/3ddesktop-0.2.9/conftest.c:42: undefined reference to `glAccum'
collect2: ld returned 1 exit status
configure:7493: $? = 1
configure: failed program was:
| /* confdefs.h.  */
| 
| #define PACKAGE_NAME ""
| #define PACKAGE_TARNAME ""
| #define PACKAGE_VERSION ""
| #define PACKAGE_STRING ""
| #define PACKAGE_BUGREPORT ""
| #define PACKAGE "3ddesktop"
| #define VERSION "0.2.9"
| #ifdef __cplusplus
| extern "C" void exit (int) throw ();
| #endif
| #define HAVE_DIRENT_H 1
| #define STDC_HEADERS 1
| #define HAVE_SYS_TYPES_H 1
| #define HAVE_SYS_STAT_H 1
| #define HAVE_STDLIB_H 1
| #define HAVE_STRING_H 1
| #define HAVE_MEMORY_H 1
| #define HAVE_STRINGS_H 1
| #define HAVE_INTTYPES_H 1
| #define HAVE_STDINT_H 1
| #define HAVE_UNISTD_H 1
| #define HAVE_FCNTL_H 1
| #define HAVE_SYS_TIME_H 1
| #define HAVE_UNISTD_H 1
| #define HAVE_GL_GL_H 1
| #define HAVE_LIBXEXT 1
| #define HAVE_LIBXXF86VM 1
| /* end confdefs.h.  */
| 
| /* Override any gcc2 internal prototype to avoid an error.  */
| #ifdef __cplusplus
| extern "C"
| #endif
| /* We use char because int might match the return type of a gcc2
|    builtin and then its argument prototype would still apply.  */
| char glAccum ();
| int
| main ()
| {
| glAccum ();
|   ;
|   return 0;
| }
configure:7542: gcc -o conftest -g -O2   conftest.c -lGL   -lSM -lICE -lSM -lICE  -lX11 -lXext -lXmu -lXt -lXi  -lm >&5
configure:7548: $? = 0
configure:7552: test -z 
			 || test ! -s conftest.err
configure:7555: $? = 0
configure:7558: test -s conftest
configure:7561: $? = 0
configure:7576: result: -lGL
configure:7585: checking for library containing gluBeginCurve
configure:7615: gcc -o conftest -g -O2   conftest.c -lGL  -lSM -lICE -lSM -lICE  -lX11 -lXext -lXmu -lXt -lXi  -lm >&5
/var/tmp/cccC8Nzd.o: In function `main':
/home/han/devel/kernel/3ddesktop/new/3ddesktop-0.2.9/conftest.c:42: undefined reference to `gluBeginCurve'
collect2: ld returned 1 exit status
configure:7621: $? = 1
configure: failed program was:
| /* confdefs.h.  */
| 
| #define PACKAGE_NAME ""
| #define PACKAGE_TARNAME ""
| #define PACKAGE_VERSION ""
| #define PACKAGE_STRING ""
| #define PACKAGE_BUGREPORT ""
| #define PACKAGE "3ddesktop"
| #define VERSION "0.2.9"
| #ifdef __cplusplus
| extern "C" void exit (int) throw ();
| #endif
| #define HAVE_DIRENT_H 1
| #define STDC_HEADERS 1
| #define HAVE_SYS_TYPES_H 1
| #define HAVE_SYS_STAT_H 1
| #define HAVE_STDLIB_H 1
| #define HAVE_STRING_H 1
| #define HAVE_MEMORY_H 1
| #define HAVE_STRINGS_H 1
| #define HAVE_INTTYPES_H 1
| #define HAVE_STDINT_H 1
| #define HAVE_UNISTD_H 1
| #define HAVE_FCNTL_H 1
| #define HAVE_SYS_TIME_H 1
| #define HAVE_UNISTD_H 1
| #define HAVE_GL_GL_H 1
| #define HAVE_LIBXEXT 1
| #define HAVE_LIBXXF86VM 1
| /* end confdefs.h.  */
| 
| /* Override any gcc2 internal prototype to avoid an error.  */
| #ifdef __cplusplus
| extern "C"
| #endif
| /* We use char because int might match the return type of a gcc2
|    builtin and then its argument prototype would still apply.  */
| char gluBeginCurve ();
| int
| main ()
| {
| gluBeginCurve ();
|   ;
|   return 0;
| }
configure:7670: gcc -o conftest -g -O2   conftest.c -lGLU  -lGL  -lSM -lICE -lSM -lICE  -lX11 -lXext -lXmu -lXt -lXi  -lm >&5
configure:7676: $? = 0
configure:7680: test -z 
			 || test ! -s conftest.err
configure:7683: $? = 0
configure:7686: test -s conftest
configure:7689: $? = 0
configure:7704: result: -lGLU
configure:7713: checking for library containing glXChooseVisual
configure:7743: gcc -o conftest -g -O2   conftest.c -lGLU -lGL  -lSM -lICE -lSM -lICE  -lX11 -lXext -lXmu -lXt -lXi  -lm >&5
configure:7749: $? = 0
configure:7753: test -z 
			 || test ! -s conftest.err
configure:7756: $? = 0
configure:7759: test -s conftest
configure:7762: $? = 0
configure:7832: result: none required
configure:7841: checking for library containing glutInit
configure:7871: gcc -o conftest -g -O2   conftest.c -lGLU -lGL  -lSM -lICE -lSM -lICE  -lX11 -lXext -lXmu -lXt -lXi  -lm >&5
/var/tmp/cc8RPwjl.o: In function `main':
/home/han/devel/kernel/3ddesktop/new/3ddesktop-0.2.9/conftest.c:42: undefined reference to `glutInit'
collect2: ld returned 1 exit status
configure:7877: $? = 1
configure: failed program was:
| /* confdefs.h.  */
| 
| #define PACKAGE_NAME ""
| #define PACKAGE_TARNAME ""
| #define PACKAGE_VERSION ""
| #define PACKAGE_STRING ""
| #define PACKAGE_BUGREPORT ""
| #define PACKAGE "3ddesktop"
| #define VERSION "0.2.9"
| #ifdef __cplusplus
| extern "C" void exit (int) throw ();
| #endif
| #define HAVE_DIRENT_H 1
| #define STDC_HEADERS 1
| #define HAVE_SYS_TYPES_H 1
| #define HAVE_SYS_STAT_H 1
| #define HAVE_STDLIB_H 1
| #define HAVE_STRING_H 1
| #define HAVE_MEMORY_H 1
| #define HAVE_STRINGS_H 1
| #define HAVE_INTTYPES_H 1
| #define HAVE_STDINT_H 1
| #define HAVE_UNISTD_H 1
| #define HAVE_FCNTL_H 1
| #define HAVE_SYS_TIME_H 1
| #define HAVE_UNISTD_H 1
| #define HAVE_GL_GL_H 1
| #define HAVE_LIBXEXT 1
| #define HAVE_LIBXXF86VM 1
| /* end confdefs.h.  */
| 
| /* Override any gcc2 internal prototype to avoid an error.  */
| #ifdef __cplusplus
| extern "C"
| #endif
| /* We use char because int might match the return type of a gcc2
|    builtin and then its argument prototype would still apply.  */
| char glutInit ();
| int
| main ()
| {
| glutInit ();
|   ;
|   return 0;
| }
configure:7926: gcc -o conftest -g -O2   conftest.c -lglut  -lGLU -lGL  -lSM -lICE -lSM -lICE  -lX11 -lXext -lXmu -lXt -lXi  -lm >&5
configure:7932: $? = 0
configure:7936: test -z 
			 || test ! -s conftest.err
configure:7939: $? = 0
configure:7942: test -s conftest
configure:7945: $? = 0
configure:7960: result: -lglut
configure:7996: result: yes
configure:8002: checking for cos in -lm
configure:8032: g++ -o conftest -g -O2     conftest.cc -lm  -lXxf86vm -lXext   -lSM -lICE -lSM -lICE  >&5
configure:8038: $? = 0
configure:8042: test -z 
			 || test ! -s conftest.err
configure:8045: $? = 0
configure:8048: test -s conftest
configure:8051: $? = 0
configure:8064: result: yes
configure:8079: checking for imlib2-config
configure:8095: found /usr/bin/imlib2-config
configure:8105: result: yes
configure:8134: checking for inline
configure:8155: g++ -c -g -O2    conftest.cc >&5
configure:8161: $? = 0
configure:8165: test -z 
			 || test ! -s conftest.err
configure:8168: $? = 0
configure:8171: test -s conftest.o
configure:8174: $? = 0
configure:8186: result: inline
configure:8205: checking whether time.h and sys/time.h may both be included
configure:8230: g++ -c -g -O2    conftest.cc >&5
configure:8236: $? = 0
configure:8240: test -z 
			 || test ! -s conftest.err
configure:8243: $? = 0
configure:8246: test -s conftest.o
configure:8249: $? = 0
configure:8260: result: yes
configure:8277: checking for gettimeofday
configure:8334: g++ -o conftest -g -O2     conftest.cc -lm -lXxf86vm -lXext   -lSM -lICE -lSM -lICE  >&5
configure:8340: $? = 0
configure:8344: test -z 
			 || test ! -s conftest.err
configure:8347: $? = 0
configure:8350: test -s conftest
configure:8353: $? = 0
configure:8365: result: yes
configure:8277: checking for mkdir
configure:8334: g++ -o conftest -g -O2     conftest.cc -lm -lXxf86vm -lXext   -lSM -lICE -lSM -lICE  >&5
configure:8340: $? = 0
configure:8344: test -z 
			 || test ! -s conftest.err
configure:8347: $? = 0
configure:8350: test -s conftest
configure:8353: $? = 0
configure:8365: result: yes
configure:8277: checking for strerror
configure:8334: g++ -o conftest -g -O2     conftest.cc -lm -lXxf86vm -lXext   -lSM -lICE -lSM -lICE  >&5
configure:8340: $? = 0
configure:8344: test -z 
			 || test ! -s conftest.err
configure:8347: $? = 0
configure:8350: test -s conftest
configure:8353: $? = 0
configure:8365: result: yes
configure:8494: creating ./config.status

## ---------------------- ##
## Running config.status. ##
## ---------------------- ##

This file was extended by config.status, which was
generated by GNU Autoconf 2.59.  Invocation command line was

  CONFIG_FILES    = 
  CONFIG_HEADERS  = 
  CONFIG_LINKS    = 
  CONFIG_COMMANDS = 
  $ ./config.status 

on linux-sotq.site

config.status:712: creating Makefile
config.status:712: creating 3ddesktop.spec
config.status:712: creating maketar.sh
config.status:816: creating config.h
config.status:1126: executing depfiles commands

## ---------------- ##
## Cache variables. ##
## ---------------- ##

ac_cv_build=arm-unknown-linux-gnu
ac_cv_build_alias=arm-unknown-linux-gnu
ac_cv_c_compiler_gnu=yes
ac_cv_c_inline=inline
ac_cv_cxx_compiler_gnu=yes
ac_cv_env_CC_set=
ac_cv_env_CC_value=
ac_cv_env_CFLAGS_set=
ac_cv_env_CFLAGS_value=
ac_cv_env_CPPFLAGS_set=
ac_cv_env_CPPFLAGS_value=
ac_cv_env_CXXCPP_set=
ac_cv_env_CXXCPP_value=
ac_cv_env_CXXFLAGS_set=
ac_cv_env_CXXFLAGS_value=
ac_cv_env_CXX_set=
ac_cv_env_CXX_value=
ac_cv_env_LDFLAGS_set=
ac_cv_env_LDFLAGS_value=
ac_cv_env_build_alias_set=
ac_cv_env_build_alias_value=
ac_cv_env_host_alias_set=
ac_cv_env_host_alias_value=
ac_cv_env_target_alias_set=
ac_cv_env_target_alias_value=
ac_cv_exeext=
ac_cv_func_connect=yes
ac_cv_func_gethostbyname=yes
ac_cv_func_gettimeofday=yes
ac_cv_func_mkdir=yes
ac_cv_func_remove=yes
ac_cv_func_shmat=yes
ac_cv_func_strerror=yes
ac_cv_have_x='have_x=yes 		ac_x_includes= ac_x_libraries='
ac_cv_header_GL_gl_h=yes
ac_cv_header_dirent_dirent_h=yes
ac_cv_header_fcntl_h=yes
ac_cv_header_inttypes_h=yes
ac_cv_header_memory_h=yes
ac_cv_header_stdc=yes
ac_cv_header_stdint_h=yes
ac_cv_header_stdlib_h=yes
ac_cv_header_string_h=yes
ac_cv_header_strings_h=yes
ac_cv_header_sys_stat_h=yes
ac_cv_header_sys_time_h=yes
ac_cv_header_sys_types_h=yes
ac_cv_header_time=yes
ac_cv_header_unistd_h=yes
ac_cv_host=arm-unknown-linux-gnu
ac_cv_host_alias=arm-unknown-linux-gnu
ac_cv_lib_ICE_IceConnectionNumber=yes
ac_cv_lib_Xext_XextCreateExtension=yes
ac_cv_lib_Xxf86vm_XF86VidModeSetViewPort=yes
ac_cv_lib_m_cos=yes
ac_cv_lib_m_main=yes
ac_cv_objext=o
ac_cv_path_install='/scratchbox/tools/bin/install -c'
ac_cv_prog_AWK=gawk
ac_cv_prog_CXXCPP='g++ -E'
ac_cv_prog_IMLIB2_CONFIG_IN_PATH=yes
ac_cv_prog_ac_ct_CC=gcc
ac_cv_prog_ac_ct_CXX=g++
ac_cv_prog_cc_g=yes
ac_cv_prog_cc_stdc=
ac_cv_prog_cxx_g=yes
ac_cv_prog_egrep='grep -E'
ac_cv_prog_make_make_set=yes
ac_cv_search_glAccum=-lGL
ac_cv_search_glXChooseVisual='none required'
ac_cv_search_gluBeginCurve=-lGLU
ac_cv_search_glutInit=-lglut
ac_cv_search_opendir='none required'
am_cv_CC_dependencies_compiler_type=gcc3
am_cv_CXX_dependencies_compiler_type=gcc3
mdl_cv_have_OpenGL=yes

## ----------------- ##
## Output variables. ##
## ----------------- ##

ACLOCAL='${SHELL} /home/han/devel/kernel/3ddesktop/new/3ddesktop-0.2.9/missing --run aclocal-1.8'
AMDEPBACKSLASH='\'
AMDEP_FALSE='#'
AMDEP_TRUE=''
AMTAR='${SHELL} /home/han/devel/kernel/3ddesktop/new/3ddesktop-0.2.9/missing --run tar'
AUTOCONF='${SHELL} /home/han/devel/kernel/3ddesktop/new/3ddesktop-0.2.9/missing --run autoconf'
AUTOHEADER='${SHELL} /home/han/devel/kernel/3ddesktop/new/3ddesktop-0.2.9/missing --run autoheader'
AUTOMAKE='${SHELL} /home/han/devel/kernel/3ddesktop/new/3ddesktop-0.2.9/missing --run automake-1.8'
AWK='gawk'
CC='gcc'
CCDEPMODE='depmode=gcc3'
CFLAGS='-g -O2'
CPPFLAGS=' '
CXX='g++'
CXXCPP='g++ -E'
CXXDEPMODE='depmode=gcc3'
CXXFLAGS='-g -O2 '
CYGPATH_W='echo'
DEFS='-DHAVE_CONFIG_H'
DEPDIR='.deps'
ECHO_C=''
ECHO_N='-n'
ECHO_T=''
EGREP='grep -E'
EXEEXT=''
GL_CFLAGS=''
GL_LIBS='-lglut -lGLU -lGL  -lSM -lICE -lSM -lICE  -lX11 -lXext -lXmu -lXt -lXi  -lm'
IMLIB2_CONFIG_IN_PATH='yes'
INSTALL_DATA='${INSTALL} -m 644'
INSTALL_PROGRAM='${INSTALL}'
INSTALL_SCRIPT='${INSTALL}'
INSTALL_STRIP_PROGRAM='${SHELL} $(install_sh) -c -s'
LDFLAGS=''
LIBOBJS=''
LIBS='-lm -lXxf86vm -lXext   -lSM -lICE -lSM -lICE '
LTLIBOBJS=''
MAKEINFO='${SHELL} /home/han/devel/kernel/3ddesktop/new/3ddesktop-0.2.9/missing --run makeinfo'
OBJEXT='o'
PACKAGE='3ddesktop'
PACKAGE_BUGREPORT=''
PACKAGE_NAME=''
PACKAGE_STRING=''
PACKAGE_TARNAME=''
PACKAGE_VERSION=''
PATH_SEPARATOR=':'
SET_MAKE=''
SHELL='/bin/sh'
STRIP=''
VERSION='0.2.9'
X_CFLAGS=''
X_EXTRA_LIBS=''
X_LIBS=''
X_PRE_LIBS=' -lSM -lICE -lSM -lICE'
ac_ct_CC='gcc'
ac_ct_CXX='g++'
ac_ct_STRIP=''
am__fastdepCC_FALSE='#'
am__fastdepCC_TRUE=''
am__fastdepCXX_FALSE='#'
am__fastdepCXX_TRUE=''
am__include='include'
am__leading_dot='.'
am__quote=''
bindir='${exec_prefix}/bin'
build='arm-unknown-linux-gnu'
build_alias=''
build_cpu='arm'
build_os='linux-gnu'
build_vendor='unknown'
datadir='${prefix}/share'
exec_prefix='${prefix}'
host='arm-unknown-linux-gnu'
host_alias=''
host_cpu='arm'
host_os='linux-gnu'
host_vendor='unknown'
imlib2_cflags=''
imlib2_libs='-L/usr/lib -lImlib2'
includedir='${prefix}/include'
infodir='${prefix}/info'
install_sh='/home/han/devel/kernel/3ddesktop/new/3ddesktop-0.2.9/install-sh'
libdir='${exec_prefix}/lib'
libexecdir='${exec_prefix}/libexec'
localstatedir='${prefix}/var'
mandir='${prefix}/man'
mkdir_p='mkdir -p -- .'
oldincludedir='/usr/include'
prefix='/usr/local'
program_transform_name='s,x,x,'
sbindir='${exec_prefix}/sbin'
sharedstatedir='${prefix}/com'
sysconfdir='${prefix}/etc'
target_alias=''

## ----------- ##
## confdefs.h. ##
## ----------- ##

#define HAVE_DIRENT_H 1
#define HAVE_FCNTL_H 1
#define HAVE_GETTIMEOFDAY 1
#define HAVE_GL_GL_H 1
#define HAVE_INTTYPES_H 1
#define HAVE_LIBM 1
#define HAVE_LIBXEXT 1
#define HAVE_LIBXXF86VM 1
#define HAVE_MEMORY_H 1
#define HAVE_MKDIR 1
#define HAVE_STDINT_H 1
#define HAVE_STDLIB_H 1
#define HAVE_STRERROR 1
#define HAVE_STRINGS_H 1
#define HAVE_STRING_H 1
#define HAVE_SYS_STAT_H 1
#define HAVE_SYS_TIME_H 1
#define HAVE_SYS_TYPES_H 1
#define HAVE_UNISTD_H 1
#define HAVE_UNISTD_H 1
#define PACKAGE "3ddesktop"
#define PACKAGE_BUGREPORT ""
#define PACKAGE_NAME ""
#define PACKAGE_STRING ""
#define PACKAGE_TARNAME ""
#define PACKAGE_VERSION ""
#define STDC_HEADERS 1
#define TIME_WITH_SYS_TIME 1
#define VERSION "0.2.9"
#endif
#ifdef __cplusplus
extern "C" void exit (int) throw ();

configure: exit 0

## ---------------------- ##
## Running config.status. ##
## ---------------------- ##

This file was extended by config.status, which was
generated by GNU Autoconf 2.59.  Invocation command line was

  CONFIG_FILES    = 
  CONFIG_HEADERS  = 
  CONFIG_LINKS    = 
  CONFIG_COMMANDS = 
  $ ./config.status config.h

on linux-sotq.site

config.status:816: creating config.h
config.status:946: config.h is unchanged
